{
"contracts/ERC20.sol":{"l":{"13":3},"path":"/Users/rajmehta/Desktop/NEU/Summer 2023/INFO7500_Crypto/v3.0/contracts/ERC20.sol","s":{"1":3},"b":{},"f":{"1":3},"fnMap":{"1":{"name":"constructor","line":11,"loc":{"start":{"line":11,"column":4},"end":{"line":14,"column":4}}}},"statementMap":{"1":{"start":{"line":13,"column":8},"end":{"line":13,"column":58}}},"branchMap":{}},
"contracts/NFT.sol":{"l":{"18":1,"20":1,"21":1},"path":"/Users/rajmehta/Desktop/NEU/Summer 2023/INFO7500_Crypto/v3.0/contracts/NFT.sol","s":{"1":1,"2":1,"3":1},"b":{},"f":{"1":3,"2":1},"fnMap":{"1":{"name":"constructor","line":14,"loc":{"start":{"line":14,"column":4},"end":{"line":14,"column":53}}},"2":{"name":"mintNFT","line":16,"loc":{"start":{"line":16,"column":4},"end":{"line":22,"column":4}}}},"statementMap":{"1":{"start":{"line":18,"column":8},"end":{"line":18,"column":27}},"2":{"start":{"line":20,"column":8},"end":{"line":20,"column":41}},"3":{"start":{"line":21,"column":8},"end":{"line":21,"column":36}}},"branchMap":{}},
"contracts/NFTDutchAuction_ERC20Bids.sol":{"l":{"29":3,"30":3,"31":3,"32":3,"33":3,"34":3,"39":14,"40":14,"41":14,"42":13,"43":13,"44":13,"45":13,"46":13,"51":12,"52":11,"53":8,"54":7,"59":7,"60":6,"61":5,"62":5,"63":5,"68":8,"69":8,"70":8,"75":2,"76":1,"77":1,"78":1,"79":1,"84":13,"89":10,"90":9},"path":"/Users/rajmehta/Desktop/NEU/Summer 2023/INFO7500_Crypto/v3.0/contracts/NFTDutchAuction_ERC20Bids.sol","s":{"1":14,"2":13,"3":12,"4":11,"5":8,"6":7,"7":7,"8":6,"9":5,"10":5,"11":8,"12":8,"13":8,"14":2,"15":1,"16":1,"17":1,"18":13,"19":10},"b":{"1":[13,1],"2":[11,1],"3":[8,3],"4":[7,1],"5":[7,0],"6":[6,1],"7":[5,1],"8":[2,1],"9":[1,1],"10":[1,0],"11":[1,0],"12":[9,1]},"f":{"1":3,"2":14,"3":12,"4":7,"5":8,"6":2,"7":13,"8":10},"fnMap":{"1":{"name":"constructor","line":27,"loc":{"start":{"line":27,"column":4},"end":{"line":35,"column":4}}},"2":{"name":"escrowNFT","line":37,"loc":{"start":{"line":37,"column":4},"end":{"line":47,"column":4}}},"3":{"name":"bid","line":49,"loc":{"start":{"line":49,"column":4},"end":{"line":55,"column":4}}},"4":{"name":"finalize","line":57,"loc":{"start":{"line":57,"column":4},"end":{"line":64,"column":4}}},"5":{"name":"currentPrice","line":66,"loc":{"start":{"line":66,"column":4},"end":{"line":71,"column":4}}},"6":{"name":"endAuction","line":73,"loc":{"start":{"line":73,"column":4},"end":{"line":80,"column":4}}},"7":{"name":"onERC721Received","line":82,"loc":{"start":{"line":82,"column":4},"end":{"line":85,"column":4}}},"8":{"name":"nftEscrowed","line":87,"loc":{"start":{"line":87,"column":4},"end":{"line":91,"column":4}}}},"statementMap":{"1":{"start":{"line":41,"column":8},"end":{"line":41,"column":103}},"2":{"start":{"line":42,"column":8},"end":{"line":42,"column":68}},"3":{"start":{"line":51,"column":8},"end":{"line":51,"column":67}},"4":{"start":{"line":52,"column":8},"end":{"line":52,"column":128}},"5":{"start":{"line":53,"column":8},"end":{"line":53,"column":101}},"6":{"start":{"line":54,"column":8},"end":{"line":54,"column":23}},"7":{"start":{"line":59,"column":8},"end":{"line":59,"column":109}},"8":{"start":{"line":60,"column":8},"end":{"line":60,"column":98}},"9":{"start":{"line":61,"column":8},"end":{"line":61,"column":72}},"10":{"start":{"line":62,"column":8},"end":{"line":62,"column":61}},"11":{"start":{"line":68,"column":8},"end":{"line":68,"column":63}},"12":{"start":{"line":69,"column":8},"end":{"line":69,"column":78}},"13":{"start":{"line":70,"column":8},"end":{"line":70,"column":24}},"14":{"start":{"line":75,"column":8},"end":{"line":75,"column":110}},"15":{"start":{"line":76,"column":8},"end":{"line":76,"column":95}},"16":{"start":{"line":77,"column":8},"end":{"line":77,"column":100}},"17":{"start":{"line":79,"column":8},"end":{"line":79,"column":64}},"18":{"start":{"line":84,"column":8},"end":{"line":84,"column":56}},"19":{"start":{"line":89,"column":8},"end":{"line":89,"column":82}}},"branchMap":{"1":{"line":41,"type":"if","locations":[{"start":{"line":41,"column":8},"end":{"line":41,"column":8}},{"start":{"line":41,"column":8},"end":{"line":41,"column":8}}]},"2":{"line":51,"type":"if","locations":[{"start":{"line":51,"column":8},"end":{"line":51,"column":8}},{"start":{"line":51,"column":8},"end":{"line":51,"column":8}}]},"3":{"line":52,"type":"if","locations":[{"start":{"line":52,"column":8},"end":{"line":52,"column":8}},{"start":{"line":52,"column":8},"end":{"line":52,"column":8}}]},"4":{"line":53,"type":"if","locations":[{"start":{"line":53,"column":8},"end":{"line":53,"column":8}},{"start":{"line":53,"column":8},"end":{"line":53,"column":8}}]},"5":{"line":57,"type":"if","locations":[{"start":{"line":57,"column":44},"end":{"line":57,"column":44}},{"start":{"line":57,"column":44},"end":{"line":57,"column":44}}]},"6":{"line":59,"type":"if","locations":[{"start":{"line":59,"column":8},"end":{"line":59,"column":8}},{"start":{"line":59,"column":8},"end":{"line":59,"column":8}}]},"7":{"line":60,"type":"if","locations":[{"start":{"line":60,"column":8},"end":{"line":60,"column":8}},{"start":{"line":60,"column":8},"end":{"line":60,"column":8}}]},"8":{"line":73,"type":"if","locations":[{"start":{"line":73,"column":33},"end":{"line":73,"column":33}},{"start":{"line":73,"column":33},"end":{"line":73,"column":33}}]},"9":{"line":75,"type":"if","locations":[{"start":{"line":75,"column":8},"end":{"line":75,"column":8}},{"start":{"line":75,"column":8},"end":{"line":75,"column":8}}]},"10":{"line":76,"type":"if","locations":[{"start":{"line":76,"column":8},"end":{"line":76,"column":8}},{"start":{"line":76,"column":8},"end":{"line":76,"column":8}}]},"11":{"line":77,"type":"if","locations":[{"start":{"line":77,"column":8},"end":{"line":77,"column":8}},{"start":{"line":77,"column":8},"end":{"line":77,"column":8}}]},"12":{"line":89,"type":"if","locations":[{"start":{"line":89,"column":8},"end":{"line":89,"column":8}},{"start":{"line":89,"column":8},"end":{"line":89,"column":8}}]}}}}
