TN:
SF:/Users/rajmehta/Desktop/NEU/Summer 2023/INFO7500_Crypto/v3.0/contracts/ERC20.sol
FN:11,constructor
FNF:1
FNH:1
FNDA:3,constructor
DA:13,3
LF:1
LH:1
BRF:0
BRH:0
end_of_record
TN:
SF:/Users/rajmehta/Desktop/NEU/Summer 2023/INFO7500_Crypto/v3.0/contracts/NFT.sol
FN:14,constructor
FN:16,mintNFT
FNF:2
FNH:2
FNDA:3,constructor
FNDA:1,mintNFT
DA:18,1
DA:20,1
DA:21,1
LF:3
LH:3
BRF:0
BRH:0
end_of_record
TN:
SF:/Users/rajmehta/Desktop/NEU/Summer 2023/INFO7500_Crypto/v3.0/contracts/NFTDutchAuction_ERC20Bids.sol
FN:27,constructor
FN:37,escrowNFT
FN:49,bid
FN:57,finalize
FN:66,currentPrice
FN:73,endAuction
FN:82,onERC721Received
FN:87,nftEscrowed
FNF:8
FNH:8
FNDA:3,constructor
FNDA:14,escrowNFT
FNDA:12,bid
FNDA:7,finalize
FNDA:8,currentPrice
FNDA:2,endAuction
FNDA:13,onERC721Received
FNDA:10,nftEscrowed
DA:29,3
DA:30,3
DA:31,3
DA:32,3
DA:33,3
DA:34,3
DA:39,14
DA:40,14
DA:41,14
DA:42,13
DA:43,13
DA:44,13
DA:45,13
DA:46,13
DA:51,12
DA:52,11
DA:53,8
DA:54,7
DA:59,7
DA:60,6
DA:61,5
DA:62,5
DA:63,5
DA:68,8
DA:69,8
DA:70,8
DA:75,2
DA:76,1
DA:77,1
DA:78,1
DA:79,1
DA:84,13
DA:89,10
DA:90,9
LF:34
LH:34
BRDA:41,1,0,13
BRDA:41,1,1,1
BRDA:51,2,0,11
BRDA:51,2,1,1
BRDA:52,3,0,8
BRDA:52,3,1,3
BRDA:53,4,0,7
BRDA:53,4,1,1
BRDA:57,5,0,7
BRDA:57,5,1,0
BRDA:59,6,0,6
BRDA:59,6,1,1
BRDA:60,7,0,5
BRDA:60,7,1,1
BRDA:73,8,0,2
BRDA:73,8,1,1
BRDA:75,9,0,1
BRDA:75,9,1,1
BRDA:76,10,0,1
BRDA:76,10,1,0
BRDA:77,11,0,1
BRDA:77,11,1,0
BRDA:89,12,0,9
BRDA:89,12,1,1
BRF:24
BRH:21
end_of_record
