{
"contracts/BasicDutchAuction.sol":{"l":{"85":9,"86":9,"87":9,"88":9,"89":9,"90":9,"94":6,"95":1,"98":5,"102":2,"106":4,"107":3,"109":2,"110":2,"112":2,"113":2,"114":2,"115":2,"117":2,"118":2,"119":2,"120":2,"121":2},"path":"/Users/rajmehta/Desktop/NEU/Summer 2023/INFO7500_Crypto/v1.0/contracts/BasicDutchAuction.sol","s":{"1":6,"2":1,"3":5,"4":2,"5":4,"6":3,"7":2,"8":2,"9":2,"10":2,"11":2,"12":2,"13":2,"14":2,"15":2},"b":{"1":[1,5],"2":[3,1],"3":[2,1],"4":[2,0],"5":[2,0],"6":[2,0]},"f":{"1":9,"2":6,"3":2,"4":4},"fnMap":{"1":{"name":"constructor","line":84,"loc":{"start":{"line":84,"column":4},"end":{"line":91,"column":4}}},"2":{"name":"price","line":93,"loc":{"start":{"line":93,"column":4},"end":{"line":99,"column":4}}},"3":{"name":"checkbalance","line":101,"loc":{"start":{"line":101,"column":4},"end":{"line":103,"column":4}}},"4":{"name":"receiveMoney","line":105,"loc":{"start":{"line":105,"column":4},"end":{"line":123,"column":0}}}},"statementMap":{"1":{"start":{"line":94,"column":8},"end":{"line":94,"column":3223}},"2":{"start":{"line":95,"column":12},"end":{"line":95,"column":31}},"3":{"start":{"line":98,"column":8},"end":{"line":98,"column":66}},"4":{"start":{"line":102,"column":8},"end":{"line":102,"column":38}},"5":{"start":{"line":106,"column":4},"end":{"line":106,"column":62}},"6":{"start":{"line":107,"column":4},"end":{"line":107,"column":58}},"7":{"start":{"line":112,"column":4},"end":{"line":112,"column":66}},"8":{"start":{"line":113,"column":4},"end":{"line":113,"column":56}},"9":{"start":{"line":114,"column":4},"end":{"line":114,"column":74}},"10":{"start":{"line":115,"column":4},"end":{"line":115,"column":69}},"11":{"start":{"line":117,"column":4},"end":{"line":117,"column":3978}},"12":{"start":{"line":118,"column":8},"end":{"line":118,"column":72}},"13":{"start":{"line":119,"column":8},"end":{"line":119,"column":86}},"14":{"start":{"line":120,"column":8},"end":{"line":120,"column":65}},"15":{"start":{"line":121,"column":8},"end":{"line":121,"column":70}}},"branchMap":{"1":{"line":94,"type":"if","locations":[{"start":{"line":94,"column":8},"end":{"line":94,"column":8}},{"start":{"line":94,"column":8},"end":{"line":94,"column":8}}]},"2":{"line":106,"type":"if","locations":[{"start":{"line":106,"column":4},"end":{"line":106,"column":4}},{"start":{"line":106,"column":4},"end":{"line":106,"column":4}}]},"3":{"line":107,"type":"if","locations":[{"start":{"line":107,"column":4},"end":{"line":107,"column":4}},{"start":{"line":107,"column":4},"end":{"line":107,"column":4}}]},"4":{"line":114,"type":"if","locations":[{"start":{"line":114,"column":4},"end":{"line":114,"column":4}},{"start":{"line":114,"column":4},"end":{"line":114,"column":4}}]},"5":{"line":117,"type":"if","locations":[{"start":{"line":117,"column":4},"end":{"line":117,"column":4}},{"start":{"line":117,"column":4},"end":{"line":117,"column":4}}]},"6":{"line":120,"type":"if","locations":[{"start":{"line":120,"column":8},"end":{"line":120,"column":8}},{"start":{"line":120,"column":8},"end":{"line":120,"column":8}}]}}}}
