{
"contracts/abc.sol":{"l":{"7":3,"10":1},"path":"/Users/rajmehta/Desktop/NEU/Summer 2023/INFO7500_Crypto/v1.0/contracts/abc.sol","s":{"1":1},"b":{},"f":{"1":3,"2":1},"fnMap":{"1":{"name":"constructor","line":6,"loc":{"start":{"line":6,"column":4},"end":{"line":8,"column":4}}},"2":{"name":"targetTest","line":9,"loc":{"start":{"line":9,"column":4},"end":{"line":11,"column":4}}}},"statementMap":{"1":{"start":{"line":10,"column":8},"end":{"line":10,"column":44}}},"branchMap":{}},
"contracts/BasicDutchAuction.sol":{"l":{"24":3,"25":3,"26":3,"27":3,"28":12,"29":12,"33":11,"34":9,"37":8,"41":1,"45":6,"46":5,"48":4,"49":4,"51":4,"52":3,"53":3,"54":2,"56":2,"57":2,"58":2,"59":2,"60":2},"path":"/Users/rajmehta/Desktop/NEU/Summer 2023/INFO7500_Crypto/v1.0/contracts/BasicDutchAuction.sol","s":{"1":11,"2":6,"3":3,"4":5,"5":3,"6":5,"7":4,"8":3,"9":3,"10":2,"11":2,"12":2,"13":2,"14":2,"15":2},"b":{"1":[9,8],"2":[3,0],"3":[5,0],"4":[2,1],"5":[2,2],"6":[2,0]},"f":{"1":3,"2":11,"3":1,"4":6},"fnMap":{"1":{"name":"constructor","line":23,"loc":{"start":{"line":23,"column":4},"end":{"line":30,"column":4}}},"2":{"name":"price","line":32,"loc":{"start":{"line":32,"column":4},"end":{"line":38,"column":4}}},"3":{"name":"checkbalance","line":40,"loc":{"start":{"line":40,"column":4},"end":{"line":42,"column":4}}},"4":{"name":"receiveMoney","line":44,"loc":{"start":{"line":44,"column":4},"end":{"line":62,"column":0}}}},"statementMap":{"1":{"start":{"line":33,"column":8},"end":{"line":33,"column":1033}},"2":{"start":{"line":34,"column":12},"end":{"line":34,"column":31}},"3":{"start":{"line":37,"column":8},"end":{"line":37,"column":66}},"4":{"start":{"line":41,"column":8},"end":{"line":41,"column":38}},"5":{"start":{"line":45,"column":4},"end":{"line":45,"column":62}},"6":{"start":{"line":46,"column":4},"end":{"line":46,"column":58}},"7":{"start":{"line":51,"column":4},"end":{"line":51,"column":66}},"8":{"start":{"line":52,"column":4},"end":{"line":52,"column":56}},"9":{"start":{"line":53,"column":4},"end":{"line":53,"column":74}},"10":{"start":{"line":54,"column":4},"end":{"line":54,"column":69}},"11":{"start":{"line":56,"column":4},"end":{"line":56,"column":1788}},"12":{"start":{"line":57,"column":8},"end":{"line":57,"column":72}},"13":{"start":{"line":58,"column":8},"end":{"line":58,"column":86}},"14":{"start":{"line":59,"column":8},"end":{"line":59,"column":65}},"15":{"start":{"line":60,"column":8},"end":{"line":60,"column":70}}},"branchMap":{"1":{"line":33,"type":"if","locations":[{"start":{"line":33,"column":8},"end":{"line":33,"column":8}},{"start":{"line":33,"column":8},"end":{"line":33,"column":8}}]},"2":{"line":45,"type":"if","locations":[{"start":{"line":45,"column":4},"end":{"line":45,"column":4}},{"start":{"line":45,"column":4},"end":{"line":45,"column":4}}]},"3":{"line":46,"type":"if","locations":[{"start":{"line":46,"column":4},"end":{"line":46,"column":4}},{"start":{"line":46,"column":4},"end":{"line":46,"column":4}}]},"4":{"line":53,"type":"if","locations":[{"start":{"line":53,"column":4},"end":{"line":53,"column":4}},{"start":{"line":53,"column":4},"end":{"line":53,"column":4}}]},"5":{"line":56,"type":"if","locations":[{"start":{"line":56,"column":4},"end":{"line":56,"column":4}},{"start":{"line":56,"column":4},"end":{"line":56,"column":4}}]},"6":{"line":59,"type":"if","locations":[{"start":{"line":59,"column":8},"end":{"line":59,"column":8}},{"start":{"line":59,"column":8},"end":{"line":59,"column":8}}]}}}}
