TN:
SF:/Users/rajmehta/Desktop/NEU/Summer 2023/INFO7500_Crypto/v1.0/contracts/BasicDutchAuction.sol
FN:84,constructor
FN:93,price
FN:101,checkbalance
FN:105,receiveMoney
FNF:4
FNH:4
FNDA:9,constructor
FNDA:6,price
FNDA:2,checkbalance
FNDA:4,receiveMoney
DA:85,9
DA:86,9
DA:87,9
DA:88,9
DA:89,9
DA:90,9
DA:94,6
DA:95,1
DA:98,5
DA:102,2
DA:106,4
DA:107,3
DA:109,2
DA:110,2
DA:112,2
DA:113,2
DA:114,2
DA:115,2
DA:117,2
DA:118,2
DA:119,2
DA:120,2
DA:121,2
LF:23
LH:23
BRDA:94,1,0,1
BRDA:94,1,1,5
BRDA:106,2,0,3
BRDA:106,2,1,1
BRDA:107,3,0,2
BRDA:107,3,1,1
BRDA:114,4,0,2
BRDA:114,4,1,0
BRDA:117,5,0,2
BRDA:117,5,1,0
BRDA:120,6,0,2
BRDA:120,6,1,0
BRF:12
BRH:9
end_of_record
