TN:
SF:/Users/rajmehta/Desktop/NEU/Summer 2023/INFO7500_Crypto/v1.0/contracts/abc.sol
FN:6,constructor
FN:9,targetTest
FNF:2
FNH:2
FNDA:3,constructor
FNDA:1,targetTest
DA:7,3
DA:10,1
LF:2
LH:2
BRF:0
BRH:0
end_of_record
TN:
SF:/Users/rajmehta/Desktop/NEU/Summer 2023/INFO7500_Crypto/v1.0/contracts/BasicDutchAuction.sol
FN:23,constructor
FN:32,price
FN:40,checkbalance
FN:44,receiveMoney
FNF:4
FNH:4
FNDA:3,constructor
FNDA:11,price
FNDA:1,checkbalance
FNDA:6,receiveMoney
DA:24,3
DA:25,3
DA:26,3
DA:27,3
DA:28,12
DA:29,12
DA:33,11
DA:34,9
DA:37,8
DA:41,1
DA:45,6
DA:46,5
DA:48,4
DA:49,4
DA:51,4
DA:52,3
DA:53,3
DA:54,2
DA:56,2
DA:57,2
DA:58,2
DA:59,2
DA:60,2
LF:23
LH:23
BRDA:33,1,0,9
BRDA:33,1,1,8
BRDA:45,2,0,3
BRDA:45,2,1,0
BRDA:46,3,0,5
BRDA:46,3,1,0
BRDA:53,4,0,2
BRDA:53,4,1,1
BRDA:56,5,0,2
BRDA:56,5,1,2
BRDA:59,6,0,2
BRDA:59,6,1,0
BRF:12
BRH:9
end_of_record
