TN:
SF:/Users/rajmehta/Desktop/NEU/Summer 2023/INFO7500_Crypto/v5.0/contracts/ERC20.sol
FN:11,constructor
FNF:1
FNH:1
FNDA:3,constructor
DA:13,3
LF:1
LH:1
BRF:0
BRH:0
end_of_record
TN:
SF:/Users/rajmehta/Desktop/NEU/Summer 2023/INFO7500_Crypto/v5.0/contracts/NFT.sol
FN:13,constructor
FN:15,mintNFT
FNF:2
FNH:2
FNDA:3,constructor
FNDA:1,mintNFT
DA:17,1
DA:19,1
DA:20,1
LF:3
LH:3
BRF:0
BRH:0
end_of_record
TN:
SF:/Users/rajmehta/Desktop/NEU/Summer 2023/INFO7500_Crypto/v5.0/contracts/NFTDutchAuction_ERC20Bids.sol
FN:33,initialize
FN:48,escrowNFT
FN:61,bid
FN:73,finalize
FN:86,currentPrice
FN:98,endAuction
FN:107,nftEscrowed
FN:114,onERC721Received
FN:124,_authorizeUpgrade
FNF:9
FNH:9
FNDA:3,initialize
FNDA:14,escrowNFT
FNDA:11,bid
FNDA:7,finalize
FNDA:8,currentPrice
FNDA:2,endAuction
FNDA:10,nftEscrowed
FNDA:13,onERC721Received
FNDA:1,_authorizeUpgrade
DA:36,3
DA:37,3
DA:38,3
DA:39,3
DA:40,3
DA:41,3
DA:42,3
DA:43,3
DA:44,3
DA:45,3
DA:51,14
DA:52,14
DA:53,14
DA:54,13
DA:55,13
DA:56,13
DA:57,13
DA:58,13
DA:65,11
DA:66,11
DA:67,8
DA:68,7
DA:75,7
DA:77,7
DA:79,6
DA:80,6
DA:81,5
DA:82,5
DA:83,5
DA:91,8
DA:92,8
DA:93,8
DA:100,2
DA:101,1
DA:102,1
DA:103,1
DA:104,1
DA:110,10
DA:111,9
DA:119,13
LF:40
LH:40
BRDA:33,1,0,3
BRDA:33,1,1,0
BRDA:53,2,0,13
BRDA:53,2,1,1
BRDA:65,3,0,11
BRDA:65,3,1,0
BRDA:66,4,0,8
BRDA:66,4,1,3
BRDA:67,5,0,7
BRDA:67,5,1,1
BRDA:73,6,0,7
BRDA:73,6,1,0
BRDA:75,7,0,7
BRDA:75,7,1,0
BRDA:79,8,0,6
BRDA:79,8,1,0
BRDA:80,9,0,5
BRDA:80,9,1,1
BRDA:98,10,0,2
BRDA:98,10,1,1
BRDA:100,11,0,1
BRDA:100,11,1,1
BRDA:101,12,0,1
BRDA:101,12,1,0
BRDA:102,13,0,1
BRDA:102,13,1,0
BRDA:110,14,0,9
BRDA:110,14,1,1
BRDA:124,15,0,1
BRDA:124,15,1,0
BRF:30
BRH:22
end_of_record
TN:
SF:/Users/rajmehta/Desktop/NEU/Summer 2023/INFO7500_Crypto/v5.0/contracts/NFTDutchAuction_ERC20BidsUpgraded.sol
FN:12,currentVersion
FNF:1
FNH:1
FNDA:1,currentVersion
DA:14,1
LF:1
LH:1
BRF:0
BRH:0
end_of_record
