{
"contracts/ERC20.sol":{"l":{"10":3},"path":"/Users/rajmehta/Desktop/NEU/Summer 2023/INFO7500_Crypto/v4.0/contracts/ERC20.sol","s":{"1":3},"b":{},"f":{"1":3},"fnMap":{"1":{"name":"constructor","line":8,"loc":{"start":{"line":8,"column":4},"end":{"line":11,"column":4}}}},"statementMap":{"1":{"start":{"line":10,"column":8},"end":{"line":10,"column":58}}},"branchMap":{}},
"contracts/NFT.sol":{"l":{"15":1,"17":1,"18":1},"path":"/Users/rajmehta/Desktop/NEU/Summer 2023/INFO7500_Crypto/v4.0/contracts/NFT.sol","s":{"1":1,"2":1,"3":1},"b":{},"f":{"1":3,"2":1},"fnMap":{"1":{"name":"constructor","line":11,"loc":{"start":{"line":11,"column":4},"end":{"line":11,"column":53}}},"2":{"name":"mintNFT","line":13,"loc":{"start":{"line":13,"column":4},"end":{"line":19,"column":4}}}},"statementMap":{"1":{"start":{"line":15,"column":8},"end":{"line":15,"column":27}},"2":{"start":{"line":17,"column":8},"end":{"line":17,"column":41}},"3":{"start":{"line":18,"column":8},"end":{"line":18,"column":36}}},"branchMap":{}},
"contracts/NFTDutchAuction_ERC20Bids.sol":{"l":{"32":3,"33":3,"34":3,"35":3,"36":3,"37":3,"38":3,"39":3,"40":3,"41":3,"47":15,"48":15,"49":15,"50":14,"51":14,"52":14,"53":14,"54":14,"61":12,"62":11,"63":8,"64":7,"68":1,"75":7,"76":6,"77":5,"78":5,"79":5,"87":8,"88":8,"89":8,"96":3,"97":2,"98":1,"99":1,"100":1,"106":12,"107":10,"115":14},"path":"/Users/rajmehta/Desktop/NEU/Summer 2023/INFO7500_Crypto/v4.0/contracts/NFTDutchAuction_ERC20Bids.sol","s":{"1":3,"2":3,"3":15,"4":14,"5":12,"6":11,"7":8,"8":7,"9":7,"10":6,"11":5,"12":5,"13":8,"14":8,"15":8,"16":3,"17":2,"18":1,"19":1,"20":12,"21":14},"b":{"1":[3,0],"2":[14,1],"3":[11,1],"4":[8,3],"5":[7,1],"6":[7,0],"7":[6,1],"8":[5,1],"9":[3,2],"10":[2,1],"11":[1,1],"12":[1,0],"13":[10,2],"14":[1,0]},"f":{"1":3,"2":15,"3":12,"4":1,"5":7,"6":8,"7":3,"8":12,"9":14,"10":1},"fnMap":{"1":{"name":"initialize","line":29,"loc":{"start":{"line":28,"column":4},"end":{"line":42,"column":4}}},"2":{"name":"escrowNFT","line":44,"loc":{"start":{"line":44,"column":4},"end":{"line":55,"column":4}}},"3":{"name":"bid","line":57,"loc":{"start":{"line":57,"column":4},"end":{"line":65,"column":4}}},"4":{"name":"setAuctionEnd","line":67,"loc":{"start":{"line":67,"column":4},"end":{"line":69,"column":4}}},"5":{"name":"finalize","line":73,"loc":{"start":{"line":71,"column":4},"end":{"line":80,"column":4}}},"6":{"name":"currentPrice","line":82,"loc":{"start":{"line":82,"column":4},"end":{"line":90,"column":4}}},"7":{"name":"endAuction","line":94,"loc":{"start":{"line":92,"column":4},"end":{"line":101,"column":4}}},"8":{"name":"nftEscrowed","line":103,"loc":{"start":{"line":103,"column":4},"end":{"line":108,"column":4}}},"9":{"name":"onERC721Received","line":110,"loc":{"start":{"line":110,"column":4},"end":{"line":116,"column":4}}},"10":{"name":"_authorizeUpgrade","line":120,"loc":{"start":{"line":118,"column":4},"end":{"line":122,"column":5}}}},"statementMap":{"1":{"start":{"line":32,"column":8},"end":{"line":32,"column":23}},"2":{"start":{"line":33,"column":8},"end":{"line":33,"column":31}},"3":{"start":{"line":49,"column":8},"end":{"line":49,"column":103}},"4":{"start":{"line":50,"column":8},"end":{"line":50,"column":68}},"5":{"start":{"line":61,"column":8},"end":{"line":61,"column":67}},"6":{"start":{"line":62,"column":8},"end":{"line":62,"column":128}},"7":{"start":{"line":63,"column":8},"end":{"line":63,"column":101}},"8":{"start":{"line":64,"column":8},"end":{"line":64,"column":23}},"9":{"start":{"line":75,"column":8},"end":{"line":75,"column":109}},"10":{"start":{"line":76,"column":8},"end":{"line":76,"column":98}},"11":{"start":{"line":77,"column":8},"end":{"line":77,"column":72}},"12":{"start":{"line":78,"column":8},"end":{"line":78,"column":61}},"13":{"start":{"line":87,"column":8},"end":{"line":87,"column":63}},"14":{"start":{"line":88,"column":8},"end":{"line":88,"column":78}},"15":{"start":{"line":89,"column":8},"end":{"line":89,"column":24}},"16":{"start":{"line":96,"column":8},"end":{"line":96,"column":110}},"17":{"start":{"line":97,"column":8},"end":{"line":97,"column":95}},"18":{"start":{"line":98,"column":8},"end":{"line":98,"column":100}},"19":{"start":{"line":100,"column":8},"end":{"line":100,"column":64}},"20":{"start":{"line":106,"column":8},"end":{"line":106,"column":82}},"21":{"start":{"line":115,"column":8},"end":{"line":115,"column":56}}},"branchMap":{"1":{"line":29,"type":"if","locations":[{"start":{"line":29,"column":4},"end":{"line":29,"column":4}},{"start":{"line":29,"column":4},"end":{"line":29,"column":4}}]},"2":{"line":49,"type":"if","locations":[{"start":{"line":49,"column":8},"end":{"line":49,"column":8}},{"start":{"line":49,"column":8},"end":{"line":49,"column":8}}]},"3":{"line":61,"type":"if","locations":[{"start":{"line":61,"column":8},"end":{"line":61,"column":8}},{"start":{"line":61,"column":8},"end":{"line":61,"column":8}}]},"4":{"line":62,"type":"if","locations":[{"start":{"line":62,"column":8},"end":{"line":62,"column":8}},{"start":{"line":62,"column":8},"end":{"line":62,"column":8}}]},"5":{"line":63,"type":"if","locations":[{"start":{"line":63,"column":8},"end":{"line":63,"column":8}},{"start":{"line":63,"column":8},"end":{"line":63,"column":8}}]},"6":{"line":73,"type":"if","locations":[{"start":{"line":73,"column":4},"end":{"line":73,"column":4}},{"start":{"line":73,"column":4},"end":{"line":73,"column":4}}]},"7":{"line":75,"type":"if","locations":[{"start":{"line":75,"column":8},"end":{"line":75,"column":8}},{"start":{"line":75,"column":8},"end":{"line":75,"column":8}}]},"8":{"line":76,"type":"if","locations":[{"start":{"line":76,"column":8},"end":{"line":76,"column":8}},{"start":{"line":76,"column":8},"end":{"line":76,"column":8}}]},"9":{"line":94,"type":"if","locations":[{"start":{"line":94,"column":4},"end":{"line":94,"column":4}},{"start":{"line":94,"column":4},"end":{"line":94,"column":4}}]},"10":{"line":96,"type":"if","locations":[{"start":{"line":96,"column":8},"end":{"line":96,"column":8}},{"start":{"line":96,"column":8},"end":{"line":96,"column":8}}]},"11":{"line":97,"type":"if","locations":[{"start":{"line":97,"column":8},"end":{"line":97,"column":8}},{"start":{"line":97,"column":8},"end":{"line":97,"column":8}}]},"12":{"line":98,"type":"if","locations":[{"start":{"line":98,"column":8},"end":{"line":98,"column":8}},{"start":{"line":98,"column":8},"end":{"line":98,"column":8}}]},"13":{"line":106,"type":"if","locations":[{"start":{"line":106,"column":8},"end":{"line":106,"column":8}},{"start":{"line":106,"column":8},"end":{"line":106,"column":8}}]},"14":{"line":120,"type":"if","locations":[{"start":{"line":120,"column":8},"end":{"line":120,"column":8}},{"start":{"line":120,"column":8},"end":{"line":120,"column":8}}]}}},
"contracts/NFTDutchAuction_ERC20BidsUpgraded.sol":{"l":{"12":1},"path":"/Users/rajmehta/Desktop/NEU/Summer 2023/INFO7500_Crypto/v4.0/contracts/NFTDutchAuction_ERC20BidsUpgraded.sol","s":{"1":1},"b":{},"f":{"1":1},"fnMap":{"1":{"name":"currentVersion","line":10,"loc":{"start":{"line":10,"column":4},"end":{"line":13,"column":4}}}},"statementMap":{"1":{"start":{"line":12,"column":8},"end":{"line":12,"column":16}}},"branchMap":{}}}
