TN:
SF:/Users/rajmehta/Desktop/NEU/Summer 2023/INFO7500_Crypto/v4.0/contracts/ERC20.sol
FN:10,constructor
FNF:1
FNH:1
FNDA:3,constructor
DA:12,3
LF:1
LH:1
BRF:0
BRH:0
end_of_record
TN:
SF:/Users/rajmehta/Desktop/NEU/Summer 2023/INFO7500_Crypto/v4.0/contracts/NFT.sol
FN:13,constructor
FN:15,mintNFT
FNF:2
FNH:2
FNDA:3,constructor
FNDA:1,mintNFT
DA:17,1
DA:19,1
DA:20,1
LF:3
LH:3
BRF:0
BRH:0
end_of_record
TN:
SF:/Users/rajmehta/Desktop/NEU/Summer 2023/INFO7500_Crypto/v4.0/contracts/NFTDutchAuction_ERC20Bids.sol
FN:31,initialize
FN:46,escrowNFT
FN:59,bid
FN:69,setAuctionEnd
FN:75,finalize
FN:84,currentPrice
FN:96,endAuction
FN:105,nftEscrowed
FN:112,onERC721Received
FN:122,_authorizeUpgrade
FNF:10
FNH:10
FNDA:3,initialize
FNDA:15,escrowNFT
FNDA:12,bid
FNDA:1,setAuctionEnd
FNDA:7,finalize
FNDA:8,currentPrice
FNDA:3,endAuction
FNDA:12,nftEscrowed
FNDA:14,onERC721Received
FNDA:1,_authorizeUpgrade
DA:34,3
DA:35,3
DA:36,3
DA:37,3
DA:38,3
DA:39,3
DA:40,3
DA:41,3
DA:42,3
DA:43,3
DA:49,15
DA:50,15
DA:51,15
DA:52,14
DA:53,14
DA:54,14
DA:55,14
DA:56,14
DA:63,12
DA:64,11
DA:65,8
DA:66,7
DA:70,1
DA:77,7
DA:78,6
DA:79,5
DA:80,5
DA:81,5
DA:89,8
DA:90,8
DA:91,8
DA:98,3
DA:99,2
DA:100,1
DA:101,1
DA:102,1
DA:108,12
DA:109,10
DA:117,14
LF:39
LH:39
BRDA:31,1,0,3
BRDA:31,1,1,0
BRDA:51,2,0,14
BRDA:51,2,1,1
BRDA:63,3,0,11
BRDA:63,3,1,1
BRDA:64,4,0,8
BRDA:64,4,1,3
BRDA:65,5,0,7
BRDA:65,5,1,1
BRDA:75,6,0,7
BRDA:75,6,1,0
BRDA:77,7,0,6
BRDA:77,7,1,1
BRDA:78,8,0,5
BRDA:78,8,1,1
BRDA:96,9,0,3
BRDA:96,9,1,2
BRDA:98,10,0,2
BRDA:98,10,1,1
BRDA:99,11,0,1
BRDA:99,11,1,1
BRDA:100,12,0,1
BRDA:100,12,1,0
BRDA:108,13,0,10
BRDA:108,13,1,2
BRDA:122,14,0,1
BRDA:122,14,1,0
BRF:28
BRH:24
end_of_record
TN:
SF:/Users/rajmehta/Desktop/NEU/Summer 2023/INFO7500_Crypto/v4.0/contracts/NFTDutchAuction_ERC20BidsUpgraded.sol
FN:12,currentVersion
FNF:1
FNH:1
FNDA:1,currentVersion
DA:14,1
LF:1
LH:1
BRF:0
BRH:0
end_of_record
