TN:
SF:/Users/rajmehta/Desktop/NEU/Summer 2023/INFO7500_Crypto/v4.0/contracts/ERC20.sol
FN:8,constructor
FNF:1
FNH:1
FNDA:3,constructor
DA:10,3
LF:1
LH:1
BRF:0
BRH:0
end_of_record
TN:
SF:/Users/rajmehta/Desktop/NEU/Summer 2023/INFO7500_Crypto/v4.0/contracts/NFT.sol
FN:11,constructor
FN:13,mintNFT
FNF:2
FNH:2
FNDA:3,constructor
FNDA:1,mintNFT
DA:15,1
DA:17,1
DA:18,1
LF:3
LH:3
BRF:0
BRH:0
end_of_record
TN:
SF:/Users/rajmehta/Desktop/NEU/Summer 2023/INFO7500_Crypto/v4.0/contracts/NFTDutchAuction_ERC20Bids.sol
FN:29,initialize
FN:44,escrowNFT
FN:57,bid
FN:67,setAuctionEnd
FN:73,finalize
FN:82,currentPrice
FN:94,endAuction
FN:103,nftEscrowed
FN:110,onERC721Received
FN:120,_authorizeUpgrade
FNF:10
FNH:10
FNDA:3,initialize
FNDA:15,escrowNFT
FNDA:12,bid
FNDA:1,setAuctionEnd
FNDA:7,finalize
FNDA:8,currentPrice
FNDA:3,endAuction
FNDA:12,nftEscrowed
FNDA:14,onERC721Received
FNDA:1,_authorizeUpgrade
DA:32,3
DA:33,3
DA:34,3
DA:35,3
DA:36,3
DA:37,3
DA:38,3
DA:39,3
DA:40,3
DA:41,3
DA:47,15
DA:48,15
DA:49,15
DA:50,14
DA:51,14
DA:52,14
DA:53,14
DA:54,14
DA:61,12
DA:62,11
DA:63,8
DA:64,7
DA:68,1
DA:75,7
DA:76,6
DA:77,5
DA:78,5
DA:79,5
DA:87,8
DA:88,8
DA:89,8
DA:96,3
DA:97,2
DA:98,1
DA:99,1
DA:100,1
DA:106,12
DA:107,10
DA:115,14
LF:39
LH:39
BRDA:29,1,0,3
BRDA:29,1,1,0
BRDA:49,2,0,14
BRDA:49,2,1,1
BRDA:61,3,0,11
BRDA:61,3,1,1
BRDA:62,4,0,8
BRDA:62,4,1,3
BRDA:63,5,0,7
BRDA:63,5,1,1
BRDA:73,6,0,7
BRDA:73,6,1,0
BRDA:75,7,0,6
BRDA:75,7,1,1
BRDA:76,8,0,5
BRDA:76,8,1,1
BRDA:94,9,0,3
BRDA:94,9,1,2
BRDA:96,10,0,2
BRDA:96,10,1,1
BRDA:97,11,0,1
BRDA:97,11,1,1
BRDA:98,12,0,1
BRDA:98,12,1,0
BRDA:106,13,0,10
BRDA:106,13,1,2
BRDA:120,14,0,1
BRDA:120,14,1,0
BRF:28
BRH:24
end_of_record
TN:
SF:/Users/rajmehta/Desktop/NEU/Summer 2023/INFO7500_Crypto/v4.0/contracts/NFTDutchAuction_ERC20BidsUpgraded.sol
FN:10,currentVersion
FNF:1
FNH:1
FNDA:1,currentVersion
DA:12,1
LF:1
LH:1
BRF:0
BRH:0
end_of_record
