{
"contracts/NFT.sol":{"l":{"17":1,"19":1,"20":1},"path":"/Users/rajmehta/Desktop/NEU/Summer 2023/INFO7500_Crypto/v2.0/contracts/NFT.sol","s":{"1":1,"2":1,"3":1},"b":{},"f":{"1":3,"2":1},"fnMap":{"1":{"name":"constructor","line":13,"loc":{"start":{"line":13,"column":4},"end":{"line":13,"column":53}}},"2":{"name":"mintNFT","line":15,"loc":{"start":{"line":15,"column":4},"end":{"line":21,"column":4}}}},"statementMap":{"1":{"start":{"line":17,"column":8},"end":{"line":17,"column":27}},"2":{"start":{"line":19,"column":8},"end":{"line":19,"column":41}},"3":{"start":{"line":20,"column":8},"end":{"line":20,"column":36}}},"branchMap":{}},
"contracts/NFTDutchAuction.sol":{"l":{"26":6,"27":6,"28":6,"29":6,"30":6,"35":10,"36":10,"37":10,"38":9,"39":9,"40":9,"41":9,"50":9,"51":8,"52":5,"53":4,"63":4,"64":4,"65":4,"70":3,"71":1,"72":1,"73":1,"74":1,"79":9},"path":"/Users/rajmehta/Desktop/NEU/Summer 2023/INFO7500_Crypto/v2.0/contracts/NFTDutchAuction.sol","s":{"1":10,"2":9,"3":9,"4":8,"5":5,"6":4,"7":4,"8":4,"9":3,"10":1,"11":1,"12":1,"13":9},"b":{"1":[9,1],"2":[8,1],"3":[5,3],"4":[4,1],"5":[1,2],"6":[1,0],"7":[1,0]},"f":{"1":6,"2":10,"3":9,"4":4,"5":3,"6":9},"fnMap":{"1":{"name":"constructor","line":24,"loc":{"start":{"line":24,"column":4},"end":{"line":31,"column":4}}},"2":{"name":"escrowNFT","line":33,"loc":{"start":{"line":33,"column":4},"end":{"line":42,"column":4}}},"3":{"name":"bid","line":48,"loc":{"start":{"line":48,"column":4},"end":{"line":54,"column":4}}},"4":{"name":"finalize","line":61,"loc":{"start":{"line":61,"column":4},"end":{"line":66,"column":4}}},"5":{"name":"endAuction","line":68,"loc":{"start":{"line":68,"column":4},"end":{"line":75,"column":4}}},"6":{"name":"onERC721Received","line":77,"loc":{"start":{"line":77,"column":4},"end":{"line":80,"column":4}}}},"statementMap":{"1":{"start":{"line":37,"column":8},"end":{"line":37,"column":103}},"2":{"start":{"line":38,"column":8},"end":{"line":38,"column":68}},"3":{"start":{"line":50,"column":8},"end":{"line":50,"column":67}},"4":{"start":{"line":51,"column":8},"end":{"line":51,"column":128}},"5":{"start":{"line":52,"column":8},"end":{"line":52,"column":184}},"6":{"start":{"line":53,"column":8},"end":{"line":53,"column":17}},"7":{"start":{"line":63,"column":8},"end":{"line":63,"column":40}},"8":{"start":{"line":64,"column":8},"end":{"line":64,"column":61}},"9":{"start":{"line":70,"column":8},"end":{"line":70,"column":110}},"10":{"start":{"line":71,"column":8},"end":{"line":71,"column":95}},"11":{"start":{"line":72,"column":8},"end":{"line":72,"column":100}},"12":{"start":{"line":74,"column":8},"end":{"line":74,"column":64}},"13":{"start":{"line":79,"column":8},"end":{"line":79,"column":56}}},"branchMap":{"1":{"line":37,"type":"if","locations":[{"start":{"line":37,"column":8},"end":{"line":37,"column":8}},{"start":{"line":37,"column":8},"end":{"line":37,"column":8}}]},"2":{"line":50,"type":"if","locations":[{"start":{"line":50,"column":8},"end":{"line":50,"column":8}},{"start":{"line":50,"column":8},"end":{"line":50,"column":8}}]},"3":{"line":51,"type":"if","locations":[{"start":{"line":51,"column":8},"end":{"line":51,"column":8}},{"start":{"line":51,"column":8},"end":{"line":51,"column":8}}]},"4":{"line":52,"type":"if","locations":[{"start":{"line":52,"column":8},"end":{"line":52,"column":8}},{"start":{"line":52,"column":8},"end":{"line":52,"column":8}}]},"5":{"line":70,"type":"if","locations":[{"start":{"line":70,"column":8},"end":{"line":70,"column":8}},{"start":{"line":70,"column":8},"end":{"line":70,"column":8}}]},"6":{"line":71,"type":"if","locations":[{"start":{"line":71,"column":8},"end":{"line":71,"column":8}},{"start":{"line":71,"column":8},"end":{"line":71,"column":8}}]},"7":{"line":72,"type":"if","locations":[{"start":{"line":72,"column":8},"end":{"line":72,"column":8}},{"start":{"line":72,"column":8},"end":{"line":72,"column":8}}]}}}}
