{
"contracts/NFT.sol":{"l":{"17":1,"19":1,"20":1},"path":"/Users/rajmehta/Desktop/NEU/Summer 2023/INFO7500_Crypto/v2.0/contracts/NFT.sol","s":{"1":1,"2":1,"3":1},"b":{},"f":{"1":3,"2":1},"fnMap":{"1":{"name":"constructor","line":13,"loc":{"start":{"line":13,"column":4},"end":{"line":13,"column":53}}},"2":{"name":"mintNFT","line":15,"loc":{"start":{"line":15,"column":4},"end":{"line":21,"column":4}}}},"statementMap":{"1":{"start":{"line":17,"column":8},"end":{"line":17,"column":27}},"2":{"start":{"line":19,"column":8},"end":{"line":19,"column":41}},"3":{"start":{"line":20,"column":8},"end":{"line":20,"column":36}}},"branchMap":{}},
"contracts/NFTDutchAuction.sol":{"l":{"26":6,"27":6,"28":6,"29":6,"30":6,"35":10,"36":10,"37":10,"38":9,"39":9,"40":9,"41":9,"51":9,"52":8,"53":5,"54":4,"59":4,"60":4,"61":4,"66":3,"67":1,"68":1,"69":1,"70":1,"75":9},"path":"/Users/rajmehta/Desktop/NEU/Summer 2023/INFO7500_Crypto/v2.0/contracts/NFTDutchAuction.sol","s":{"1":10,"2":9,"3":9,"4":8,"5":5,"6":4,"7":4,"8":4,"9":3,"10":1,"11":1,"12":1,"13":9},"b":{"1":[9,1],"2":[8,1],"3":[5,3],"4":[4,1],"5":[1,2],"6":[1,0],"7":[1,0]},"f":{"1":6,"2":10,"3":9,"4":4,"5":3,"6":9},"fnMap":{"1":{"name":"constructor","line":24,"loc":{"start":{"line":24,"column":4},"end":{"line":31,"column":4}}},"2":{"name":"escrowNFT","line":33,"loc":{"start":{"line":33,"column":4},"end":{"line":42,"column":4}}},"3":{"name":"bid","line":49,"loc":{"start":{"line":49,"column":4},"end":{"line":55,"column":4}}},"4":{"name":"finalize","line":57,"loc":{"start":{"line":57,"column":4},"end":{"line":62,"column":4}}},"5":{"name":"endAuction","line":64,"loc":{"start":{"line":64,"column":4},"end":{"line":71,"column":4}}},"6":{"name":"onERC721Received","line":73,"loc":{"start":{"line":73,"column":4},"end":{"line":76,"column":4}}}},"statementMap":{"1":{"start":{"line":37,"column":8},"end":{"line":37,"column":103}},"2":{"start":{"line":38,"column":8},"end":{"line":38,"column":68}},"3":{"start":{"line":51,"column":8},"end":{"line":51,"column":67}},"4":{"start":{"line":52,"column":8},"end":{"line":52,"column":128}},"5":{"start":{"line":53,"column":8},"end":{"line":53,"column":184}},"6":{"start":{"line":54,"column":8},"end":{"line":54,"column":17}},"7":{"start":{"line":59,"column":8},"end":{"line":59,"column":40}},"8":{"start":{"line":60,"column":8},"end":{"line":60,"column":61}},"9":{"start":{"line":66,"column":8},"end":{"line":66,"column":110}},"10":{"start":{"line":67,"column":8},"end":{"line":67,"column":95}},"11":{"start":{"line":68,"column":8},"end":{"line":68,"column":100}},"12":{"start":{"line":70,"column":8},"end":{"line":70,"column":64}},"13":{"start":{"line":75,"column":8},"end":{"line":75,"column":56}}},"branchMap":{"1":{"line":37,"type":"if","locations":[{"start":{"line":37,"column":8},"end":{"line":37,"column":8}},{"start":{"line":37,"column":8},"end":{"line":37,"column":8}}]},"2":{"line":51,"type":"if","locations":[{"start":{"line":51,"column":8},"end":{"line":51,"column":8}},{"start":{"line":51,"column":8},"end":{"line":51,"column":8}}]},"3":{"line":52,"type":"if","locations":[{"start":{"line":52,"column":8},"end":{"line":52,"column":8}},{"start":{"line":52,"column":8},"end":{"line":52,"column":8}}]},"4":{"line":53,"type":"if","locations":[{"start":{"line":53,"column":8},"end":{"line":53,"column":8}},{"start":{"line":53,"column":8},"end":{"line":53,"column":8}}]},"5":{"line":66,"type":"if","locations":[{"start":{"line":66,"column":8},"end":{"line":66,"column":8}},{"start":{"line":66,"column":8},"end":{"line":66,"column":8}}]},"6":{"line":67,"type":"if","locations":[{"start":{"line":67,"column":8},"end":{"line":67,"column":8}},{"start":{"line":67,"column":8},"end":{"line":67,"column":8}}]},"7":{"line":68,"type":"if","locations":[{"start":{"line":68,"column":8},"end":{"line":68,"column":8}},{"start":{"line":68,"column":8},"end":{"line":68,"column":8}}]}}}}
