TN:
SF:/Users/rajmehta/Desktop/NEU/Summer 2023/INFO7500_Crypto/v2.0/contracts/NFT.sol
FN:13,constructor
FN:15,mintNFT
FNF:2
FNH:2
FNDA:3,constructor
FNDA:1,mintNFT
DA:17,1
DA:19,1
DA:20,1
LF:3
LH:3
BRF:0
BRH:0
end_of_record
TN:
SF:/Users/rajmehta/Desktop/NEU/Summer 2023/INFO7500_Crypto/v2.0/contracts/NFTDutchAuction.sol
FN:24,constructor
FN:33,escrowNFT
FN:48,bid
FN:61,finalize
FN:68,endAuction
FN:77,onERC721Received
FNF:6
FNH:6
FNDA:6,constructor
FNDA:10,escrowNFT
FNDA:9,bid
FNDA:4,finalize
FNDA:3,endAuction
FNDA:9,onERC721Received
DA:26,6
DA:27,6
DA:28,6
DA:29,6
DA:30,6
DA:35,10
DA:36,10
DA:37,10
DA:38,9
DA:39,9
DA:40,9
DA:41,9
DA:50,9
DA:51,8
DA:52,5
DA:53,4
DA:63,4
DA:64,4
DA:65,4
DA:70,3
DA:71,1
DA:72,1
DA:73,1
DA:74,1
DA:79,9
LF:25
LH:25
BRDA:37,1,0,9
BRDA:37,1,1,1
BRDA:50,2,0,8
BRDA:50,2,1,1
BRDA:51,3,0,5
BRDA:51,3,1,3
BRDA:52,4,0,4
BRDA:52,4,1,1
BRDA:70,5,0,1
BRDA:70,5,1,2
BRDA:71,6,0,1
BRDA:71,6,1,0
BRDA:72,7,0,1
BRDA:72,7,1,0
BRF:14
BRH:12
end_of_record
