TN:
SF:/Users/rajmehta/Desktop/NEU/Summer 2023/INFO7500_Crypto/v2.0/contracts/NFT.sol
FN:13,constructor
FN:15,mintNFT
FNF:2
FNH:2
FNDA:3,constructor
FNDA:1,mintNFT
DA:17,1
DA:19,1
DA:20,1
LF:3
LH:3
BRF:0
BRH:0
end_of_record
TN:
SF:/Users/rajmehta/Desktop/NEU/Summer 2023/INFO7500_Crypto/v2.0/contracts/NFTDutchAuction.sol
FN:24,constructor
FN:33,escrowNFT
FN:49,bid
FN:57,finalize
FN:64,endAuction
FN:73,onERC721Received
FNF:6
FNH:6
FNDA:6,constructor
FNDA:10,escrowNFT
FNDA:9,bid
FNDA:4,finalize
FNDA:3,endAuction
FNDA:9,onERC721Received
DA:26,6
DA:27,6
DA:28,6
DA:29,6
DA:30,6
DA:35,10
DA:36,10
DA:37,10
DA:38,9
DA:39,9
DA:40,9
DA:41,9
DA:51,9
DA:52,8
DA:53,5
DA:54,4
DA:59,4
DA:60,4
DA:61,4
DA:66,3
DA:67,1
DA:68,1
DA:69,1
DA:70,1
DA:75,9
LF:25
LH:25
BRDA:37,1,0,9
BRDA:37,1,1,1
BRDA:51,2,0,8
BRDA:51,2,1,1
BRDA:52,3,0,5
BRDA:52,3,1,3
BRDA:53,4,0,4
BRDA:53,4,1,1
BRDA:66,5,0,1
BRDA:66,5,1,2
BRDA:67,6,0,1
BRDA:67,6,1,0
BRDA:68,7,0,1
BRDA:68,7,1,0
BRF:14
BRH:12
end_of_record
